<?xml version="1.0" encoding="UTF-8"?>
<!-- Generated by org.testng.reporters.JUnitXMLReporter -->
<testsuite hostname="Regis-PC" ignored="0" name="Command line test" tests="7" failures="0" timestamp="2021-04-12T12:12:43 CAT" time="5.305" errors="0">
  <testcase name="testFindAllVisitations" time="0.341" classname="com.mid_testing_project.services.VisitationServiceNGTest"/>
  <testcase name="testFindAllVisitationsInvalidPrison" time="0.009" classname="com.mid_testing_project.services.VisitationServiceNGTest"/>
  <testcase name="testFindAllVisitationsOnCertainDate" time="0.033" classname="com.mid_testing_project.services.VisitationServiceNGTest"/>
  <testcase name="testFindAllVisitationsOnCertainDateInvalidDate" time="0.004" classname="com.mid_testing_project.services.VisitationServiceNGTest"/>
  <testcase name="testFindAllVisitationsOnCertainDateInvalidPrison" time="0.004" classname="com.mid_testing_project.services.VisitationServiceNGTest"/>
  <testcase name="testVisitInvalidPrisoner" time="0.013" classname="com.mid_testing_project.services.VisitationServiceNGTest"/>
  <testcase name="testVisitOutOfBoundsVisitation" time="0.009" classname="com.mid_testing_project.services.VisitationServiceNGTest"/>
</testsuite> <!-- Command line test -->
