<?xml version="1.0" encoding="UTF-8"?>
<!-- Generated by org.testng.reporters.JUnitXMLReporter -->
<testsuite hostname="Regis-PC" ignored="0" name="Command line test" tests="10" failures="0" timestamp="2021-04-05T21:51:34 CAT" time="5.65" errors="0">
  <testcase name="testFindAllVisitations" time="0.337" classname="com.mid_testing_project.services.VisitationServiceNGTest"/>
  <testcase name="testFindAllVisitationsInvalidPrison" time="0.003" classname="com.mid_testing_project.services.VisitationServiceNGTest"/>
  <testcase name="testFindAllVisitationsOnCertainDate" time="0.036" classname="com.mid_testing_project.services.VisitationServiceNGTest"/>
  <testcase name="testFindAllVisitationsOnCertainDateInvalidDate" time="0.006" classname="com.mid_testing_project.services.VisitationServiceNGTest"/>
  <testcase name="testFindAllVisitationsOnCertainDateInvalidPrison" time="0.004" classname="com.mid_testing_project.services.VisitationServiceNGTest"/>
  <testcase name="testVisit" time="0.077" classname="com.mid_testing_project.services.VisitationServiceNGTest"/>
  <testcase name="testVisitInvalidPrisoner" time="0.007" classname="com.mid_testing_project.services.VisitationServiceNGTest"/>
  <testcase name="testVisitInvalidTime" time="0.01" classname="com.mid_testing_project.services.VisitationServiceNGTest"/>
  <testcase name="testVisitNotVisitationDay" time="0.008" classname="com.mid_testing_project.services.VisitationServiceNGTest"/>
  <testcase name="testVisitOutOfBoundsVisitation" time="0.006" classname="com.mid_testing_project.services.VisitationServiceNGTest"/>
</testsuite> <!-- Command line test -->
