<?xml version="1.0" encoding="UTF-8"?>
<!-- Generated by org.testng.reporters.JUnitXMLReporter -->
<testsuite hostname="Regis-PC" ignored="0" name="Command line test" tests="13" failures="0" timestamp="2021-04-05T18:26:20 CAT" time="6.038" errors="0">
  <testcase name="testAddPrisoner" time="0.187" classname="com.mid_testing_project.services.PrisonServiceNGTest"/>
  <testcase name="testAddPrisonerInvalidManager" time="0.006" classname="com.mid_testing_project.services.PrisonServiceNGTest"/>
  <testcase name="testAddPrisonerInvalidPrison" time="0.008" classname="com.mid_testing_project.services.PrisonServiceNGTest"/>
  <testcase name="testAddPrisonerManagerNotActivated" time="0.009" classname="com.mid_testing_project.services.PrisonServiceNGTest"/>
  <testcase name="testAddPrisonerNotManager" time="0.008" classname="com.mid_testing_project.services.PrisonServiceNGTest"/>
  <testcase name="testFindAllPrisoners" time="0.176" classname="com.mid_testing_project.services.PrisonServiceNGTest"/>
  <testcase name="testFindAllPrisonersInCertainPrison" time="0.034" classname="com.mid_testing_project.services.PrisonServiceNGTest"/>
  <testcase name="testFindAllPrisonersInCertainPrisonInvalidPrison" time="0.002" classname="com.mid_testing_project.services.PrisonServiceNGTest"/>
  <testcase name="testReleasePrisoner" time="0.044" classname="com.mid_testing_project.services.PrisonServiceNGTest"/>
  <testcase name="testReleasePrisonerInvalidManager" time="0.006" classname="com.mid_testing_project.services.PrisonServiceNGTest"/>
  <testcase name="testReleasePrisonerInvalidPrisoner" time="0.007" classname="com.mid_testing_project.services.PrisonServiceNGTest"/>
  <testcase name="testReleasePrisonerManagerNotActivated" time="0.014" classname="com.mid_testing_project.services.PrisonServiceNGTest"/>
  <testcase name="testReleasePrisonerNotManager" time="0.008" classname="com.mid_testing_project.services.PrisonServiceNGTest"/>
</testsuite> <!-- Command line test -->
