<?xml version="1.0" encoding="UTF-8"?>
<!-- Generated by org.testng.reporters.JUnitXMLReporter -->
<testsuite hostname="Regis-PC" ignored="0" name="Command line test" tests="23" failures="0" timestamp="2021-04-04T10:24:47 CAT" time="7.124" errors="0">
  <testcase name="testAddManager" time="0.188" classname="com.mid_testing_project.services.AdminServiceNGTest"/>
  <testcase name="testAddManagerAdminNotActivated" time="0.006" classname="com.mid_testing_project.services.AdminServiceNGTest"/>
  <testcase name="testAddManagerInvalidAdmin" time="0.006" classname="com.mid_testing_project.services.AdminServiceNGTest"/>
  <testcase name="testAddManagerInvalidPrison" time="0.009" classname="com.mid_testing_project.services.AdminServiceNGTest"/>
  <testcase name="testAddManagerNotAdmin" time="0.007" classname="com.mid_testing_project.services.AdminServiceNGTest"/>
  <testcase name="testAddPrison" time="0.022" classname="com.mid_testing_project.services.AdminServiceNGTest"/>
  <testcase name="testAddPrisonAdminNotActivated" time="0.005" classname="com.mid_testing_project.services.AdminServiceNGTest"/>
  <testcase name="testAddPrisonInvalidAdmin" time="0.003" classname="com.mid_testing_project.services.AdminServiceNGTest"/>
  <testcase name="testAddPrisonNotAdmin" time="0.004" classname="com.mid_testing_project.services.AdminServiceNGTest"/>
  <testcase name="testFindAllPrisonerTrack" time="0.209" classname="com.mid_testing_project.services.AdminServiceNGTest"/>
  <testcase name="testFindAllUserTrack" time="0.009" classname="com.mid_testing_project.services.AdminServiceNGTest"/>
  <testcase name="testFireManager" time="0.044" classname="com.mid_testing_project.services.AdminServiceNGTest"/>
  <testcase name="testFireManagerAdminNotActivated" time="0.009" classname="com.mid_testing_project.services.AdminServiceNGTest"/>
  <testcase name="testFireManagerAlreadyFired" time="0.008" classname="com.mid_testing_project.services.AdminServiceNGTest"/>
  <testcase name="testFireManagerInvalidAdmin" time="0.005" classname="com.mid_testing_project.services.AdminServiceNGTest"/>
  <testcase name="testFireManagerInvalidManager" time="0.006" classname="com.mid_testing_project.services.AdminServiceNGTest"/>
  <testcase name="testFireManagerNotAdmin" time="0.009" classname="com.mid_testing_project.services.AdminServiceNGTest"/>
  <testcase name="testSuspendManager" time="0.033" classname="com.mid_testing_project.services.AdminServiceNGTest"/>
  <testcase name="testSuspendManagerAdminNotActivated" time="0.009" classname="com.mid_testing_project.services.AdminServiceNGTest"/>
  <testcase name="testSuspendManagerAlreadySuspended" time="0.013" classname="com.mid_testing_project.services.AdminServiceNGTest"/>
  <testcase name="testSuspendManagerInvalidAdmin" time="0.007" classname="com.mid_testing_project.services.AdminServiceNGTest"/>
  <testcase name="testSuspendManagerInvalidManager" time="0.008" classname="com.mid_testing_project.services.AdminServiceNGTest"/>
  <testcase name="testSuspendManagerNotAdmin" time="0.01" classname="com.mid_testing_project.services.AdminServiceNGTest"/>
</testsuite> <!-- Command line test -->
