<?xml version="1.0" encoding="UTF-8"?>
<!-- Generated by org.testng.reporters.JUnitXMLReporter -->
<testsuite hostname="Regis-PC" ignored="0" name="Command line test" tests="9" failures="0" timestamp="2021-04-03T22:49:08 CAT" time="5.901" errors="0">
  <testcase name="testAddManager" time="0.199" classname="com.mid_testing_project.services.AdminServiceNGTest"/>
  <testcase name="testAddManagerAdminNotActivated" time="0.006" classname="com.mid_testing_project.services.AdminServiceNGTest"/>
  <testcase name="testAddManagerInvalidAdmin" time="0.006" classname="com.mid_testing_project.services.AdminServiceNGTest"/>
  <testcase name="testAddManagerInvalidPrison" time="0.007" classname="com.mid_testing_project.services.AdminServiceNGTest"/>
  <testcase name="testAddManagerNotAdmin" time="0.006" classname="com.mid_testing_project.services.AdminServiceNGTest"/>
  <testcase name="testFindAllPrisonerTrack" time="0.213" classname="com.mid_testing_project.services.AdminServiceNGTest"/>
  <testcase name="testFindAllUserTrack" time="0.006" classname="com.mid_testing_project.services.AdminServiceNGTest"/>
  <testcase name="testFireManager" time="0.033" classname="com.mid_testing_project.services.AdminServiceNGTest"/>
  <testcase name="testSuspendManager" time="0.033" classname="com.mid_testing_project.services.AdminServiceNGTest"/>
</testsuite> <!-- Command line test -->
