<?xml version="1.0" encoding="UTF-8"?>
<!-- Generated by org.testng.reporters.JUnitXMLReporter -->
<testsuite hostname="Regis-PC" ignored="0" name="Command line test" tests="5" failures="0" timestamp="2021-04-05T20:53:58 CAT" time="5.253" errors="0">
  <testcase name="testAddVisitationTime" time="0.157" classname="com.mid_testing_project.services.VisitationTimeServiceNGTest"/>
  <testcase name="testDisableVisitationTime" time="0.165" classname="com.mid_testing_project.services.VisitationTimeServiceNGTest"/>
  <testcase name="testDisableVisitationTimeAlreadyDisabled" time="0.003" classname="com.mid_testing_project.services.VisitationTimeServiceNGTest"/>
  <testcase name="testDisableVisitationTimeInvalidTimeId" time="0.003" classname="com.mid_testing_project.services.VisitationTimeServiceNGTest"/>
  <testcase name="testFindAllInUseTime" time="0.165" classname="com.mid_testing_project.services.VisitationTimeServiceNGTest"/>
</testsuite> <!-- Command line test -->
