<?xml version="1.0" encoding="UTF-8"?>
<!-- Generated by org.testng.reporters.JUnitXMLReporter -->
<testsuite hostname="Regis-PC" ignored="0" name="Command line test" tests="6" failures="0" timestamp="2021-04-12T11:50:17 CAT" time="9.055" errors="0">
  <testcase name="testAddVisitationTime" time="0.244" classname="com.mid_testing_project.services.VisitationTimeServiceNGTest"/>
  <testcase name="testDisableVisitationTime" time="0.055" classname="com.mid_testing_project.services.VisitationTimeServiceNGTest"/>
  <testcase name="testDisableVisitationTimeAlreadyDisabled" time="0.003" classname="com.mid_testing_project.services.VisitationTimeServiceNGTest"/>
  <testcase name="testDisableVisitationTimeInvalidTimeId" time="0.006" classname="com.mid_testing_project.services.VisitationTimeServiceNGTest"/>
  <testcase name="testFindAllInUseTime" time="0.221" classname="com.mid_testing_project.services.VisitationTimeServiceNGTest"/>
  <testcase name="testFindAllNotInUseTime" time="0.004" classname="com.mid_testing_project.services.VisitationTimeServiceNGTest"/>
</testsuite> <!-- Command line test -->
