<?xml version="1.0" encoding="UTF-8"?>
<!-- Generated by org.testng.reporters.JUnitXMLReporter -->
<testsuite hostname="Regis-PC" ignored="0" name="Command line test" tests="17" failures="0" timestamp="2021-04-04T10:22:38 CAT" time="6.922" errors="0">
  <testcase name="testAddGuard" time="0.191" classname="com.mid_testing_project.services.ManagerServiceNGTest"/>
  <testcase name="testAddGuardInvalidManager" time="0.006" classname="com.mid_testing_project.services.ManagerServiceNGTest"/>
  <testcase name="testAddGuardInvalidPrison" time="0.009" classname="com.mid_testing_project.services.ManagerServiceNGTest"/>
  <testcase name="testAddGuardManagerNotActivated" time="0.009" classname="com.mid_testing_project.services.ManagerServiceNGTest"/>
  <testcase name="testAddGuardNotManager" time="0.007" classname="com.mid_testing_project.services.ManagerServiceNGTest"/>
  <testcase name="testFireGuard" time="0.055" classname="com.mid_testing_project.services.ManagerServiceNGTest"/>
  <testcase name="testFireGuardAlreadyFiredGuard" time="0.008" classname="com.mid_testing_project.services.ManagerServiceNGTest"/>
  <testcase name="testFireGuardInvalidGuard" time="0.006" classname="com.mid_testing_project.services.ManagerServiceNGTest"/>
  <testcase name="testFireGuardInvalidManager" time="0.008" classname="com.mid_testing_project.services.ManagerServiceNGTest"/>
  <testcase name="testFireGuardManagerNotActivated" time="0.006" classname="com.mid_testing_project.services.ManagerServiceNGTest"/>
  <testcase name="testFireGuardNotManager" time="0.01" classname="com.mid_testing_project.services.ManagerServiceNGTest"/>
  <testcase name="testSuspendGuard" time="0.033" classname="com.mid_testing_project.services.ManagerServiceNGTest"/>
  <testcase name="testSuspendGuardAlreadySuspendedGuard" time="0.007" classname="com.mid_testing_project.services.ManagerServiceNGTest"/>
  <testcase name="testSuspendGuardInvalidGuard" time="0.008" classname="com.mid_testing_project.services.ManagerServiceNGTest"/>
  <testcase name="testSuspendGuardInvalidManager" time="0.009" classname="com.mid_testing_project.services.ManagerServiceNGTest"/>
  <testcase name="testSuspendGuardManagerNotActivated" time="0.008" classname="com.mid_testing_project.services.ManagerServiceNGTest"/>
  <testcase name="testSuspendGuardNotManager" time="0.012" classname="com.mid_testing_project.services.ManagerServiceNGTest"/>
</testsuite> <!-- Command line test -->
